# JRE version: 7.0_13-b20
# Java VM: Java HotSpot(TM) Client VM (23.7-b01 mixed mode windows-x86 )
Heap
 def new generation   total 18624K, used 0K [0x03ab0000, 0x04ee0000, 0x09000000)
  eden space 16576K,   0% used [0x03ab0000, 0x03ab0000, 0x04ae0000)
  from space 2048K,   0% used [0x04ae0000, 0x04ae0000, 0x04ce0000)
  to   space 2048K,   0% used [0x04ce0000, 0x04ce0000, 0x04ee0000)
 tenured generation   total 41180K, used 13552K [0x09000000, 0x0b837000, 0x13ab0000)
   the space 41180K,  32% used [0x09000000, 0x09d3c2d8, 0x09d3c400, 0x0b837000)
 compacting perm gen  total 65536K, used 65535K [0x13ab0000, 0x17ab0000, 0x17ab0000)
   the space 65536K,  99% used [0x13ab0000, 0x17aafee0, 0x17ab0000, 0x17ab0000)
GC Heap History (10 events):
Event: 22027.363 GC heap before
{Heap before GC invocations=132 (full 25):
 def new generation   total 18624K, used 0K [0x03ab0000, 0x04ee0000, 0x09000000)
  eden space 16576K,   0% used [0x03ab0000, 0x03ab0000, 0x04ae0000)
  from space 2048K,   0% used [0x04ae0000, 0x04ae0000, 0x04ce0000)
  to   space 2048K,   0% used [0x04ce0000, 0x04ce0000, 0x04ee0000)
 tenured generation   total 41180K, used 15818K [0x09000000, 0x0b837000, 0x13ab0000)
   the space 41180K,  38% used [0x09000000, 0x09f72b28, 0x09f72c00, 0x0b837000)
 compacting perm gen  total 65536K, used 65535K [0x13ab0000, 0x17ab0000, 0x17ab0000)
   the space 65536K,  99% used [0x13ab0000, 0x17aaff48, 0x17ab0000, 0x17ab0000)
No shared spaces configured.
Event: 22027.471 GC heap after
Heap after GC invocations=133 (full 26):
 def new generation   total 18624K, used 0K [0x03ab0000, 0x04ee0000, 0x09000000)
  eden space 16576K,   0% used [0x03ab0000, 0x03ab0000, 0x04ae0000)
  from space 2048K,   0% used [0x04ae0000, 0x04ae0000, 0x04ce0000)
  to   space 2048K,   0% used [0x04ce0000, 0x04ce0000, 0x04ee0000)
 tenured generation   total 41180K, used 15818K [0x09000000, 0x0b837000, 0x13ab0000)
   the space 41180K,  38% used [0x09000000, 0x09f72b28, 0x09f72c00, 0x0b837000)
 compacting perm gen  total 65536K, used 65535K [0x13ab0000, 0x17ab0000, 0x17ab0000)
   the space 65536K,  99% used [0x13ab0000, 0x17aaff48, 0x17ab0000, 0x17ab0000)
No shared spaces configured.
}
Event: 22027.496 GC heap before
{Heap before GC invocations=133 (full 26):
 def new generation   total 18624K, used 0K [0x03ab0000, 0x04ee0000, 0x09000000)
  eden space 16576K,   0% used [0x03ab0000, 0x03ab0000, 0x04ae0000)
  from space 2048K,   0% used [0x04ae0000, 0x04ae0000, 0x04ce0000)
  to   space 2048K,   0% used [0x04ce0000, 0x04ce0000, 0x04ee0000)
 tenured generation   total 41180K, used 15818K [0x09000000, 0x0b837000, 0x13ab0000)
   the space 41180K,  38% used [0x09000000, 0x09f72b28, 0x09f72c00, 0x0b837000)
 compacting perm gen  total 65536K, used 65535K [0x13ab0000, 0x17ab0000, 0x17ab0000)
   the space 65536K,  99% used [0x13ab0000, 0x17aafff0, 0x17ab0000, 0x17ab0000)
No shared spaces configured.
Event: 22027.602 GC heap after
Heap after GC invocations=134 (full 27):
 def new generation   total 18624K, used 0K [0x03ab0000, 0x04ee0000, 0x09000000)
  eden space 16576K,   0% used [0x03ab0000, 0x03ab0000, 0x04ae0000)
  from space 2048K,   0% used [0x04ae0000, 0x04ae0000, 0x04ce0000)
  to   space 2048K,   0% used [0x04ce0000, 0x04ce0000, 0x04ee0000)
 tenured generation   total 41180K, used 15567K [0x09000000, 0x0b837000, 0x13ab0000)
   the space 41180K,  37% used [0x09000000, 0x09f33fd8, 0x09f34000, 0x0b837000)
 compacting perm gen  total 65536K, used 65535K [0x13ab0000, 0x17ab0000, 0x17ab0000)
   the space 65536K,  99% used [0x13ab0000, 0x17aafff0, 0x17ab0000, 0x17ab0000)
No shared spaces configured.
}
Event: 22027.602 GC heap before
{Heap before GC invocations=134 (full 27):
 def new generation   total 18624K, used 2K [0x03ab0000, 0x04ee0000, 0x09000000)
  eden space 16576K,   0% used [0x03ab0000, 0x03ab0800, 0x04ae0000)
  from space 2048K,   0% used [0x04ae0000, 0x04ae0000, 0x04ce0000)
  to   space 2048K,   0% used [0x04ce0000, 0x04ce0000, 0x04ee0000)
 tenured generation   total 41180K, used 15567K [0x09000000, 0x0b837000, 0x13ab0000)
   the space 41180K,  37% used [0x09000000, 0x09f33fd8, 0x09f34000, 0x0b837000)
 compacting perm gen  total 65536K, used 65535K [0x13ab0000, 0x17ab0000, 0x17ab0000)
   the space 65536K,  99% used [0x13ab0000, 0x17aafff0, 0x17ab0000, 0x17ab0000)
No shared spaces configured.
Event: 22027.716 GC heap after
Heap after GC invocations=135 (full 28):
 def new generation   total 18624K, used 0K [0x03ab0000, 0x04ee0000, 0x09000000)
  eden space 16576K,   0% used [0x03ab0000, 0x03ab0000, 0x04ae0000)
  from space 2048K,   0% used [0x04ae0000, 0x04ae0000, 0x04ce0000)
  to   space 2048K,   0% used [0x04ce0000, 0x04ce0000, 0x04ee0000)
 tenured generation   total 41180K, used 13511K [0x09000000, 0x0b837000, 0x13ab0000)
   the space 41180K,  32% used [0x09000000, 0x09d31cf8, 0x09d31e00, 0x0b837000)
 compacting perm gen  total 65536K, used 65323K [0x13ab0000, 0x17ab0000, 0x17ab0000)
   the space 65536K,  99% used [0x13ab0000, 0x17a7aee8, 0x17a7b000, 0x17ab0000)
No shared spaces configured.
}
Event: 22046.107 GC heap before
{Heap before GC invocations=135 (full 28):
 def new generation   total 18624K, used 802K [0x03ab0000, 0x04ee0000, 0x09000000)
  eden space 16576K,   4% used [0x03ab0000, 0x03b78980, 0x04ae0000)
  from space 2048K,   0% used [0x04ae0000, 0x04ae0000, 0x04ce0000)
  to   space 2048K,   0% used [0x04ce0000, 0x04ce0000, 0x04ee0000)
 tenured generation   total 41180K, used 13511K [0x09000000, 0x0b837000, 0x13ab0000)
   the space 41180K,  32% used [0x09000000, 0x09d31cf8, 0x09d31e00, 0x0b837000)
 compacting perm gen  total 65536K, used 65535K [0x13ab0000, 0x17ab0000, 0x17ab0000)
   the space 65536K,  99% used [0x13ab0000, 0x17aafee0, 0x17ab0000, 0x17ab0000)
No shared spaces configured.
Event: 22046.215 GC heap after
Heap after GC invocations=136 (full 29):
 def new generation   total 18624K, used 0K [0x03ab0000, 0x04ee0000, 0x09000000)
  eden space 16576K,   0% used [0x03ab0000, 0x03ab0000, 0x04ae0000)
  from space 2048K,   0% used [0x04ae0000, 0x04ae0000, 0x04ce0000)
  to   space 2048K,   0% used [0x04ce0000, 0x04ce0000, 0x04ee0000)
 tenured generation   total 41180K, used 13552K [0x09000000, 0x0b837000, 0x13ab0000)
   the space 41180K,  32% used [0x09000000, 0x09d3c2b8, 0x09d3c400, 0x0b837000)
 compacting perm gen  total 65536K, used 65535K [0x13ab0000, 0x17ab0000, 0x17ab0000)
   the space 65536K,  99% used [0x13ab0000, 0x17aafee0, 0x17ab0000, 0x17ab0000)
No shared spaces configured.
}
Event: 22046.215 GC heap before
{Heap before GC invocations=136 (full 29):
 def new generation   total 18624K, used 2K [0x03ab0000, 0x04ee0000, 0x09000000)
  eden space 16576K,   0% used [0x03ab0000, 0x03ab0800, 0x04ae0000)
  from space 2048K,   0% used [0x04ae0000, 0x04ae0000, 0x04ce0000)
  to   space 2048K,   0% used [0x04ce0000, 0x04ce0000, 0x04ee0000)
 tenured generation   total 41180K, used 13552K [0x09000000, 0x0b837000, 0x13ab0000)
   the space 41180K,  32% used [0x09000000, 0x09d3c2b8, 0x09d3c400, 0x0b837000)
 compacting perm gen  total 65536K, used 65535K [0x13ab0000, 0x17ab0000, 0x17ab0000)
   the space 65536K,  99% used [0x13ab0000, 0x17aafee0, 0x17ab0000, 0x17ab0000)
No shared spaces configured.
Event: 22046.319 GC heap after
Heap after GC invocations=137 (full 30):
 def new generation   total 18624K, used 0K [0x03ab0000, 0x04ee0000, 0x09000000)
  eden space 16576K,   0% used [0x03ab0000, 0x03ab0000, 0x04ae0000)
  from space 2048K,   0% used [0x04ae0000, 0x04ae0000, 0x04ce0000)
  to   space 2048K,   0% used [0x04ce0000, 0x04ce0000, 0x04ee0000)
 tenured generation   total 41180K, used 13552K [0x09000000, 0x0b837000, 0x13ab0000)
   the space 41180K,  32% used [0x09000000, 0x09d3c2d8, 0x09d3c400, 0x0b837000)
 compacting perm gen  total 65536K, used 65535K [0x13ab0000, 0x17ab0000, 0x17ab0000)
   the space 65536K,  99% used [0x13ab0000, 0x17aafee0, 0x17ab0000, 0x17ab0000)
No shared spaces configured.
}

